{"/Users/georgepiatek/repo/hackathon/Team1/hackathon-team-1/sharecare-post/src/post/post.controller.js": {"path":"/Users/georgepiatek/repo/hackathon/Team1/hackathon-team-1/sharecare-post/src/post/post.controller.js","statementMap":{"0":{"start":{"line":2,"column":14},"end":{"line":2,"column":32}},"1":{"start":{"line":3,"column":19},"end":{"line":3,"column":39}},"2":{"start":{"line":4,"column":16},"end":{"line":4,"column":42}},"3":{"start":{"line":8,"column":22},"end":{"line":11,"column":5}},"4":{"start":{"line":10,"column":8},"end":{"line":10,"column":56}},"5":{"start":{"line":13,"column":23},"end":{"line":24,"column":5}},"6":{"start":{"line":14,"column":8},"end":{"line":23,"column":9}},"7":{"start":{"line":15,"column":12},"end":{"line":15,"column":43}},"8":{"start":{"line":16,"column":12},"end":{"line":16,"column":56}},"9":{"start":{"line":17,"column":12},"end":{"line":17,"column":53}},"10":{"start":{"line":19,"column":12},"end":{"line":19,"column":47}},"11":{"start":{"line":20,"column":12},"end":{"line":20,"column":46}},"12":{"start":{"line":22,"column":12},"end":{"line":22,"column":68}},"13":{"start":{"line":26,"column":24},"end":{"line":51,"column":5}},"14":{"start":{"line":28,"column":8},"end":{"line":50,"column":9}},"15":{"start":{"line":29,"column":12},"end":{"line":29,"column":43}},"16":{"start":{"line":30,"column":12},"end":{"line":30,"column":56}},"17":{"start":{"line":31,"column":12},"end":{"line":31,"column":42}},"18":{"start":{"line":33,"column":12},"end":{"line":33,"column":35}},"19":{"start":{"line":35,"column":12},"end":{"line":45,"column":17}},"20":{"start":{"line":35,"column":24},"end":{"line":35,"column":25}},"21":{"start":{"line":37,"column":30},"end":{"line":41,"column":17}},"22":{"start":{"line":42,"column":29},"end":{"line":42,"column":51}},"23":{"start":{"line":43,"column":20},"end":{"line":43,"column":47}},"24":{"start":{"line":44,"column":20},"end":{"line":44,"column":54}},"25":{"start":{"line":47,"column":12},"end":{"line":47,"column":53}},"26":{"start":{"line":49,"column":12},"end":{"line":49,"column":68}},"27":{"start":{"line":53,"column":32},"end":{"line":72,"column":5}},"28":{"start":{"line":54,"column":8},"end":{"line":71,"column":9}},"29":{"start":{"line":55,"column":12},"end":{"line":55,"column":43}},"30":{"start":{"line":56,"column":12},"end":{"line":56,"column":56}},"31":{"start":{"line":57,"column":12},"end":{"line":67,"column":19}},"32":{"start":{"line":68,"column":12},"end":{"line":68,"column":47}},"33":{"start":{"line":70,"column":12},"end":{"line":70,"column":68}},"34":{"start":{"line":104,"column":23},"end":{"line":116,"column":5}},"35":{"start":{"line":106,"column":23},"end":{"line":106,"column":33}},"36":{"start":{"line":108,"column":8},"end":{"line":115,"column":9}},"37":{"start":{"line":109,"column":12},"end":{"line":109,"column":43}},"38":{"start":{"line":110,"column":12},"end":{"line":110,"column":56}},"39":{"start":{"line":111,"column":12},"end":{"line":111,"column":65}},"40":{"start":{"line":112,"column":12},"end":{"line":112,"column":46}},"41":{"start":{"line":114,"column":12},"end":{"line":114,"column":68}},"42":{"start":{"line":118,"column":28},"end":{"line":133,"column":5}},"43":{"start":{"line":120,"column":23},"end":{"line":120,"column":33}},"44":{"start":{"line":121,"column":8},"end":{"line":121,"column":40}},"45":{"start":{"line":123,"column":8},"end":{"line":132,"column":9}},"46":{"start":{"line":124,"column":12},"end":{"line":124,"column":43}},"47":{"start":{"line":125,"column":12},"end":{"line":125,"column":56}},"48":{"start":{"line":126,"column":12},"end":{"line":126,"column":161}},"49":{"start":{"line":127,"column":12},"end":{"line":127,"column":68}},"50":{"start":{"line":128,"column":12},"end":{"line":128,"column":53}},"51":{"start":{"line":131,"column":12},"end":{"line":131,"column":68}},"52":{"start":{"line":135,"column":23},"end":{"line":146,"column":5}},"53":{"start":{"line":136,"column":23},"end":{"line":136,"column":33}},"54":{"start":{"line":138,"column":8},"end":{"line":145,"column":9}},"55":{"start":{"line":139,"column":12},"end":{"line":139,"column":43}},"56":{"start":{"line":140,"column":12},"end":{"line":140,"column":56}},"57":{"start":{"line":141,"column":12},"end":{"line":141,"column":55}},"58":{"start":{"line":142,"column":12},"end":{"line":142,"column":46}},"59":{"start":{"line":144,"column":12},"end":{"line":144,"column":68}},"60":{"start":{"line":148,"column":4},"end":{"line":157,"column":6}},"61":{"start":{"line":160,"column":0},"end":{"line":160,"column":32}}},"fnMap":{"0":{"name":"PostController","decl":{"start":{"line":6,"column":9},"end":{"line":6,"column":23}},"loc":{"start":{"line":6,"column":27},"end":{"line":158,"column":1}},"line":6},"1":{"name":"(anonymous_1)","decl":{"start":{"line":8,"column":22},"end":{"line":8,"column":23}},"loc":{"start":{"line":8,"column":48},"end":{"line":11,"column":5}},"line":8},"2":{"name":"(anonymous_2)","decl":{"start":{"line":13,"column":23},"end":{"line":13,"column":24}},"loc":{"start":{"line":13,"column":43},"end":{"line":24,"column":5}},"line":13},"3":{"name":"(anonymous_3)","decl":{"start":{"line":26,"column":24},"end":{"line":26,"column":25}},"loc":{"start":{"line":26,"column":44},"end":{"line":51,"column":5}},"line":26},"4":{"name":"(anonymous_4)","decl":{"start":{"line":53,"column":32},"end":{"line":53,"column":33}},"loc":{"start":{"line":53,"column":52},"end":{"line":72,"column":5}},"line":53},"5":{"name":"(anonymous_5)","decl":{"start":{"line":104,"column":23},"end":{"line":104,"column":24}},"loc":{"start":{"line":104,"column":43},"end":{"line":116,"column":5}},"line":104},"6":{"name":"(anonymous_6)","decl":{"start":{"line":118,"column":28},"end":{"line":118,"column":29}},"loc":{"start":{"line":118,"column":48},"end":{"line":133,"column":5}},"line":118},"7":{"name":"(anonymous_7)","decl":{"start":{"line":135,"column":23},"end":{"line":135,"column":24}},"loc":{"start":{"line":135,"column":43},"end":{"line":146,"column":5}},"line":135}},"branchMap":{},"s":{"0":1,"1":1,"2":1,"3":5,"4":1,"5":5,"6":1,"7":1,"8":1,"9":1,"10":1,"11":1,"12":0,"13":5,"14":0,"15":0,"16":0,"17":0,"18":0,"19":0,"20":0,"21":0,"22":0,"23":0,"24":0,"25":0,"26":0,"27":5,"28":1,"29":1,"30":1,"31":1,"32":1,"33":0,"34":5,"35":1,"36":1,"37":1,"38":1,"39":1,"40":1,"41":0,"42":5,"43":0,"44":0,"45":0,"46":0,"47":0,"48":0,"49":0,"50":0,"51":0,"52":5,"53":1,"54":1,"55":1,"56":1,"57":1,"58":1,"59":0,"60":5,"61":1},"f":{"0":5,"1":1,"2":1,"3":0,"4":1,"5":1,"6":0,"7":1},"b":{},"_coverageSchema":"1a1c01bbd47fc00a2c39e90264f33305004495a9","hash":"ac91170775756b372cb77d80937e89e87e93fbaf"}
}
