TN:
SF:src/post/post.controller.js
FN:6,PostController
FN:8,(anonymous_1)
FN:13,(anonymous_2)
FN:26,(anonymous_3)
FN:53,(anonymous_4)
FN:104,(anonymous_5)
FN:118,(anonymous_6)
FN:135,(anonymous_7)
FNF:8
FNH:6
FNDA:5,PostController
FNDA:1,(anonymous_1)
FNDA:1,(anonymous_2)
FNDA:0,(anonymous_3)
FNDA:1,(anonymous_4)
FNDA:1,(anonymous_5)
FNDA:0,(anonymous_6)
FNDA:1,(anonymous_7)
DA:2,1
DA:3,1
DA:4,1
DA:8,5
DA:10,1
DA:13,5
DA:14,1
DA:15,1
DA:16,1
DA:17,1
DA:19,1
DA:20,1
DA:22,0
DA:26,5
DA:28,0
DA:29,0
DA:30,0
DA:31,0
DA:33,0
DA:35,0
DA:37,0
DA:42,0
DA:43,0
DA:44,0
DA:47,0
DA:49,0
DA:53,5
DA:54,1
DA:55,1
DA:56,1
DA:57,1
DA:68,1
DA:70,0
DA:104,5
DA:106,1
DA:108,1
DA:109,1
DA:110,1
DA:111,1
DA:112,1
DA:114,0
DA:118,5
DA:120,0
DA:121,0
DA:123,0
DA:124,0
DA:125,0
DA:126,0
DA:127,0
DA:128,0
DA:131,0
DA:135,5
DA:136,1
DA:138,1
DA:139,1
DA:140,1
DA:141,1
DA:142,1
DA:144,0
DA:148,5
DA:160,1
LF:61
LH:36
BRF:0
BRH:0
end_of_record
