{"/Users/adamheeps/development/hackathon-team-1/sharecare-media/src/media/media.controller.js": {"path":"/Users/adamheeps/development/hackathon-team-1/sharecare-media/src/media/media.controller.js","statementMap":{"0":{"start":{"line":1,"column":14},"end":{"line":1,"column":32}},"1":{"start":{"line":2,"column":19},"end":{"line":2,"column":39}},"2":{"start":{"line":6,"column":22},"end":{"line":9,"column":5}},"3":{"start":{"line":8,"column":8},"end":{"line":8,"column":56}},"4":{"start":{"line":11,"column":24},"end":{"line":21,"column":5}},"5":{"start":{"line":12,"column":8},"end":{"line":20,"column":9}},"6":{"start":{"line":13,"column":12},"end":{"line":13,"column":43}},"7":{"start":{"line":14,"column":12},"end":{"line":14,"column":58}},"8":{"start":{"line":15,"column":12},"end":{"line":15,"column":54}},"9":{"start":{"line":16,"column":12},"end":{"line":16,"column":49}},"10":{"start":{"line":17,"column":12},"end":{"line":17,"column":47}},"11":{"start":{"line":19,"column":12},"end":{"line":19,"column":68}},"12":{"start":{"line":23,"column":25},"end":{"line":35,"column":5}},"13":{"start":{"line":25,"column":23},"end":{"line":25,"column":33}},"14":{"start":{"line":27,"column":8},"end":{"line":34,"column":9}},"15":{"start":{"line":28,"column":12},"end":{"line":28,"column":43}},"16":{"start":{"line":29,"column":12},"end":{"line":29,"column":58}},"17":{"start":{"line":30,"column":12},"end":{"line":30,"column":63}},"18":{"start":{"line":31,"column":12},"end":{"line":31,"column":47}},"19":{"start":{"line":33,"column":12},"end":{"line":33,"column":68}},"20":{"start":{"line":38,"column":24},"end":{"line":50,"column":5}},"21":{"start":{"line":40,"column":23},"end":{"line":40,"column":33}},"22":{"start":{"line":42,"column":8},"end":{"line":49,"column":9}},"23":{"start":{"line":43,"column":12},"end":{"line":43,"column":43}},"24":{"start":{"line":44,"column":12},"end":{"line":44,"column":58}},"25":{"start":{"line":45,"column":12},"end":{"line":45,"column":67}},"26":{"start":{"line":46,"column":12},"end":{"line":46,"column":47}},"27":{"start":{"line":48,"column":12},"end":{"line":48,"column":68}},"28":{"start":{"line":52,"column":24},"end":{"line":63,"column":5}},"29":{"start":{"line":53,"column":23},"end":{"line":53,"column":33}},"30":{"start":{"line":55,"column":8},"end":{"line":62,"column":9}},"31":{"start":{"line":56,"column":12},"end":{"line":56,"column":43}},"32":{"start":{"line":57,"column":12},"end":{"line":57,"column":58}},"33":{"start":{"line":58,"column":12},"end":{"line":58,"column":57}},"34":{"start":{"line":59,"column":12},"end":{"line":59,"column":47}},"35":{"start":{"line":61,"column":12},"end":{"line":61,"column":68}},"36":{"start":{"line":65,"column":4},"end":{"line":71,"column":6}},"37":{"start":{"line":74,"column":0},"end":{"line":74,"column":33}}},"fnMap":{"0":{"name":"MediaController","decl":{"start":{"line":4,"column":9},"end":{"line":4,"column":24}},"loc":{"start":{"line":4,"column":28},"end":{"line":72,"column":1}},"line":4},"1":{"name":"(anonymous_1)","decl":{"start":{"line":6,"column":22},"end":{"line":6,"column":23}},"loc":{"start":{"line":6,"column":48},"end":{"line":9,"column":5}},"line":6},"2":{"name":"(anonymous_2)","decl":{"start":{"line":11,"column":24},"end":{"line":11,"column":25}},"loc":{"start":{"line":11,"column":44},"end":{"line":21,"column":5}},"line":11},"3":{"name":"(anonymous_3)","decl":{"start":{"line":23,"column":25},"end":{"line":23,"column":26}},"loc":{"start":{"line":23,"column":45},"end":{"line":35,"column":5}},"line":23},"4":{"name":"(anonymous_4)","decl":{"start":{"line":38,"column":24},"end":{"line":38,"column":25}},"loc":{"start":{"line":38,"column":44},"end":{"line":50,"column":5}},"line":38},"5":{"name":"(anonymous_5)","decl":{"start":{"line":52,"column":24},"end":{"line":52,"column":25}},"loc":{"start":{"line":52,"column":44},"end":{"line":63,"column":5}},"line":52}},"branchMap":{},"s":{"0":1,"1":1,"2":5,"3":1,"4":5,"5":1,"6":1,"7":1,"8":1,"9":1,"10":1,"11":0,"12":5,"13":1,"14":1,"15":1,"16":1,"17":1,"18":1,"19":0,"20":5,"21":1,"22":1,"23":1,"24":1,"25":1,"26":1,"27":0,"28":5,"29":1,"30":1,"31":1,"32":1,"33":1,"34":1,"35":0,"36":5,"37":1},"f":{"0":5,"1":1,"2":1,"3":1,"4":1,"5":1},"b":{},"_coverageSchema":"1a1c01bbd47fc00a2c39e90264f33305004495a9","hash":"c74bca7c2c270aa2a2b90a1162d7dc569000264a"}
}
