{"/Users/adamheeps/development/hackathon-team-1/sharecare-charity/src/charities/charity.controller.js": {"path":"/Users/adamheeps/development/hackathon-team-1/sharecare-charity/src/charities/charity.controller.js","statementMap":{"0":{"start":{"line":2,"column":14},"end":{"line":2,"column":32}},"1":{"start":{"line":3,"column":19},"end":{"line":3,"column":39}},"2":{"start":{"line":4,"column":14},"end":{"line":4,"column":32}},"3":{"start":{"line":8,"column":22},"end":{"line":11,"column":5}},"4":{"start":{"line":10,"column":8},"end":{"line":10,"column":56}},"5":{"start":{"line":13,"column":26},"end":{"line":23,"column":5}},"6":{"start":{"line":14,"column":8},"end":{"line":22,"column":9}},"7":{"start":{"line":15,"column":12},"end":{"line":15,"column":43}},"8":{"start":{"line":16,"column":12},"end":{"line":16,"column":62}},"9":{"start":{"line":17,"column":12},"end":{"line":17,"column":56}},"10":{"start":{"line":18,"column":12},"end":{"line":18,"column":53}},"11":{"start":{"line":19,"column":12},"end":{"line":19,"column":49}},"12":{"start":{"line":21,"column":12},"end":{"line":21,"column":68}},"13":{"start":{"line":25,"column":28},"end":{"line":35,"column":5}},"14":{"start":{"line":27,"column":8},"end":{"line":34,"column":9}},"15":{"start":{"line":28,"column":12},"end":{"line":28,"column":43}},"16":{"start":{"line":29,"column":12},"end":{"line":29,"column":62}},"17":{"start":{"line":30,"column":12},"end":{"line":30,"column":49}},"18":{"start":{"line":31,"column":12},"end":{"line":31,"column":51}},"19":{"start":{"line":33,"column":12},"end":{"line":33,"column":68}},"20":{"start":{"line":37,"column":27},"end":{"line":49,"column":5}},"21":{"start":{"line":39,"column":23},"end":{"line":39,"column":33}},"22":{"start":{"line":41,"column":8},"end":{"line":48,"column":9}},"23":{"start":{"line":42,"column":12},"end":{"line":42,"column":43}},"24":{"start":{"line":43,"column":12},"end":{"line":43,"column":62}},"25":{"start":{"line":44,"column":12},"end":{"line":44,"column":67}},"26":{"start":{"line":45,"column":12},"end":{"line":45,"column":49}},"27":{"start":{"line":47,"column":12},"end":{"line":47,"column":68}},"28":{"start":{"line":51,"column":32},"end":{"line":65,"column":5}},"29":{"start":{"line":53,"column":23},"end":{"line":53,"column":33}},"30":{"start":{"line":55,"column":8},"end":{"line":64,"column":9}},"31":{"start":{"line":56,"column":12},"end":{"line":56,"column":43}},"32":{"start":{"line":57,"column":12},"end":{"line":57,"column":62}},"33":{"start":{"line":59,"column":12},"end":{"line":59,"column":110}},"34":{"start":{"line":61,"column":12},"end":{"line":61,"column":54}},"35":{"start":{"line":63,"column":12},"end":{"line":63,"column":68}},"36":{"start":{"line":67,"column":26},"end":{"line":79,"column":5}},"37":{"start":{"line":69,"column":23},"end":{"line":69,"column":33}},"38":{"start":{"line":71,"column":8},"end":{"line":78,"column":9}},"39":{"start":{"line":72,"column":12},"end":{"line":72,"column":43}},"40":{"start":{"line":73,"column":12},"end":{"line":73,"column":62}},"41":{"start":{"line":74,"column":12},"end":{"line":74,"column":71}},"42":{"start":{"line":75,"column":12},"end":{"line":75,"column":49}},"43":{"start":{"line":77,"column":12},"end":{"line":77,"column":68}},"44":{"start":{"line":81,"column":31},"end":{"line":97,"column":5}},"45":{"start":{"line":83,"column":23},"end":{"line":83,"column":33}},"46":{"start":{"line":84,"column":8},"end":{"line":84,"column":40}},"47":{"start":{"line":86,"column":8},"end":{"line":96,"column":9}},"48":{"start":{"line":87,"column":12},"end":{"line":87,"column":43}},"49":{"start":{"line":88,"column":12},"end":{"line":88,"column":62}},"50":{"start":{"line":90,"column":12},"end":{"line":90,"column":167}},"51":{"start":{"line":92,"column":12},"end":{"line":92,"column":74}},"52":{"start":{"line":93,"column":12},"end":{"line":93,"column":56}},"53":{"start":{"line":95,"column":12},"end":{"line":95,"column":68}},"54":{"start":{"line":99,"column":26},"end":{"line":110,"column":5}},"55":{"start":{"line":100,"column":23},"end":{"line":100,"column":33}},"56":{"start":{"line":102,"column":8},"end":{"line":109,"column":9}},"57":{"start":{"line":103,"column":12},"end":{"line":103,"column":43}},"58":{"start":{"line":104,"column":12},"end":{"line":104,"column":62}},"59":{"start":{"line":105,"column":12},"end":{"line":105,"column":61}},"60":{"start":{"line":106,"column":12},"end":{"line":106,"column":49}},"61":{"start":{"line":108,"column":12},"end":{"line":108,"column":68}},"62":{"start":{"line":112,"column":4},"end":{"line":121,"column":6}},"63":{"start":{"line":124,"column":0},"end":{"line":124,"column":35}}},"fnMap":{"0":{"name":"CharityController","decl":{"start":{"line":6,"column":9},"end":{"line":6,"column":26}},"loc":{"start":{"line":6,"column":30},"end":{"line":122,"column":1}},"line":6},"1":{"name":"(anonymous_1)","decl":{"start":{"line":8,"column":22},"end":{"line":8,"column":23}},"loc":{"start":{"line":8,"column":48},"end":{"line":11,"column":5}},"line":8},"2":{"name":"(anonymous_2)","decl":{"start":{"line":13,"column":26},"end":{"line":13,"column":27}},"loc":{"start":{"line":13,"column":46},"end":{"line":23,"column":5}},"line":13},"3":{"name":"(anonymous_3)","decl":{"start":{"line":25,"column":28},"end":{"line":25,"column":29}},"loc":{"start":{"line":25,"column":48},"end":{"line":35,"column":5}},"line":25},"4":{"name":"(anonymous_4)","decl":{"start":{"line":37,"column":27},"end":{"line":37,"column":28}},"loc":{"start":{"line":37,"column":47},"end":{"line":49,"column":5}},"line":37},"5":{"name":"(anonymous_5)","decl":{"start":{"line":51,"column":32},"end":{"line":51,"column":33}},"loc":{"start":{"line":51,"column":52},"end":{"line":65,"column":5}},"line":51},"6":{"name":"(anonymous_6)","decl":{"start":{"line":67,"column":26},"end":{"line":67,"column":27}},"loc":{"start":{"line":67,"column":46},"end":{"line":79,"column":5}},"line":67},"7":{"name":"(anonymous_7)","decl":{"start":{"line":81,"column":31},"end":{"line":81,"column":32}},"loc":{"start":{"line":81,"column":51},"end":{"line":97,"column":5}},"line":81},"8":{"name":"(anonymous_8)","decl":{"start":{"line":99,"column":26},"end":{"line":99,"column":27}},"loc":{"start":{"line":99,"column":46},"end":{"line":110,"column":5}},"line":99}},"branchMap":{},"s":{"0":1,"1":1,"2":1,"3":6,"4":1,"5":6,"6":1,"7":1,"8":1,"9":1,"10":1,"11":1,"12":0,"13":6,"14":1,"15":1,"16":1,"17":1,"18":1,"19":0,"20":6,"21":1,"22":1,"23":1,"24":1,"25":1,"26":1,"27":0,"28":6,"29":0,"30":0,"31":0,"32":0,"33":0,"34":0,"35":0,"36":6,"37":1,"38":1,"39":1,"40":1,"41":1,"42":1,"43":0,"44":6,"45":0,"46":0,"47":0,"48":0,"49":0,"50":0,"51":0,"52":0,"53":0,"54":6,"55":1,"56":1,"57":1,"58":1,"59":1,"60":1,"61":0,"62":6,"63":1},"f":{"0":6,"1":1,"2":1,"3":1,"4":1,"5":0,"6":1,"7":0,"8":1},"b":{},"_coverageSchema":"1a1c01bbd47fc00a2c39e90264f33305004495a9","hash":"9c41f66ce29cac042714e0bc92423be8bfa629ac"}
}
