TN:
SF:src/charities/charity.controller.js
FN:6,CharityController
FN:8,(anonymous_1)
FN:13,(anonymous_2)
FN:25,(anonymous_3)
FN:37,(anonymous_4)
FN:51,(anonymous_5)
FN:67,(anonymous_6)
FN:81,(anonymous_7)
FN:99,(anonymous_8)
FNF:9
FNH:7
FNDA:6,CharityController
FNDA:1,(anonymous_1)
FNDA:1,(anonymous_2)
FNDA:1,(anonymous_3)
FNDA:1,(anonymous_4)
FNDA:0,(anonymous_5)
FNDA:1,(anonymous_6)
FNDA:0,(anonymous_7)
FNDA:1,(anonymous_8)
DA:2,1
DA:3,1
DA:4,1
DA:8,6
DA:10,1
DA:13,6
DA:14,1
DA:15,1
DA:16,1
DA:17,1
DA:18,1
DA:19,1
DA:21,0
DA:25,6
DA:27,1
DA:28,1
DA:29,1
DA:30,1
DA:31,1
DA:33,0
DA:37,6
DA:39,1
DA:41,1
DA:42,1
DA:43,1
DA:44,1
DA:45,1
DA:47,0
DA:51,6
DA:53,0
DA:55,0
DA:56,0
DA:57,0
DA:59,0
DA:61,0
DA:63,0
DA:67,6
DA:69,1
DA:71,1
DA:72,1
DA:73,1
DA:74,1
DA:75,1
DA:77,0
DA:81,6
DA:83,0
DA:84,0
DA:86,0
DA:87,0
DA:88,0
DA:90,0
DA:92,0
DA:93,0
DA:95,0
DA:99,6
DA:100,1
DA:102,1
DA:103,1
DA:104,1
DA:105,1
DA:106,1
DA:108,0
DA:112,6
DA:124,1
LF:64
LH:43
BRF:0
BRH:0
end_of_record
